<?xml version="1.0" encoding="UTF-8"?>
<!-- Generated by org.testng.reporters.JUnitReportReporter -->
<testsuite hostname="RK" failures="0" tests="1" name="tests.FbLoginTest" time="6.725" errors="0" timestamp="2022-11-29T07:43:44 IST" skipped="0">
  <testcase classname="tests.FbLoginTest" name="init" time="6.725"/>
  <system-out/>
</testsuite> <!-- tests.FbLoginTest -->
